[LOG] System::create                           : Header version = 1.10.10. Current version = 1.10.10.
[LOG] Manager::init                            : maxchannels = 256 studioflags = 00000006 flags 00000000 extradriverdata 0000000000000000.
[LOG] SystemI::init                            : Initialize version=11010 (98815), maxchannels=256, flags=0x00020000
[LOG] SystemI::setOutputInternal               : Setting output to 'FMOD WASAPI Output'
[LOG] OutputWASAPI::init                       : Mix Format (WAVEFORMATEX): wFormatTag=0xFFFE, nChannels=2, nSamplesPerSec=44100, nAvgBytesPerSec=352800, nBlockAlign=8, wBitsPerSample=32, cbSize=22.
[LOG] OutputWASAPI::init                       : Mix Format (WAVEFORMATEXTENSIBLE): wValidBitsPerSample=32, dwChannelMask=0x00000003, SubFormat=00000003-0000-0010-8000-00AA00389B71.
[LOG] OutputWASAPI::init                       : Output buffer size: 3760 samples, latency: 0.00ms, period: 10.00ms, DSP buffer: 1024 * 4
[WRN] SystemI::init                            : Output requires a sample rate of 44100Hz, resampling will occur.
[LOG] Thread::initThread                       : Init FMOD stream thread. Priority: 2, Stack Size: 65536, Semaphore: No, Sleep Time: 10, Looping: Yes.
[LOG] Thread::initThread                       : Init FMOD mixer thread. Priority: 3, Stack Size: 49152, Semaphore: No, Sleep Time: 0, Looping: Yes.
[LOG] AsyncManager::init                       : manager 00000000857C1C18 isAsync 0 updatePeriod 0.02
[LOG] AsyncManager::init                       : done
[LOG] PlaybackSystem::init                     : 
[LOG] Thread::initThread                       : Init FMOD Studio sample load thread. Priority: 0, Stack Size: 65536, Semaphore: No, Sleep Time: 1, Looping: No.
[LOG] PlaybackSystem::init                     : done
[LOG] Thread::initThread                       : Init FMOD Studio bank load thread. Priority: 0, Stack Size: 65536, Semaphore: No, Sleep Time: 1, Looping: No.
[LOG] Manager::init                            : done.
[LOG] Manager::readBank                        : fileversion = 103, compatVersion = 99 (oldest = 44, newest = 103)
[LOG] Manager::readBank                        : fileversion = 103, compatVersion = 99 (oldest = 44, newest = 103)
[LOG] Manager::readBank                        : fileversion = 103, compatVersion = 99 (oldest = 44, newest = 103)
[LOG] Manager::readBank                        : fileversion = 103, compatVersion = 99 (oldest = 44, newest = 103)
[LOG] Manager::readBank                        : fileversion = 103, compatVersion = 99 (oldest = 44, newest = 103)
[LOG] Manager::readBank                        : fileversion = 103, compatVersion = 99 (oldest = 44, newest = 103)
[LOG] Manager::readBank                        : fileversion = 103, compatVersion = 99 (oldest = 44, newest = 103)
[LOG] Manager::readBank                        : fileversion = 103, compatVersion = 99 (oldest = 44, newest = 103)
[LOG] PlaybackSystem::acquireMasterBus         : Setting master channel group format to 6
[LOG] Manager::readBank                        : fileversion = 103, compatVersion = 99 (oldest = 44, newest = 103)
[LOG] PlaybackSystem::acquireMasterBus         : Setting master channel group format to 6
[LOG] Manager::readBank                        : fileversion = 103, compatVersion = 99 (oldest = 44, newest = 103)
[LOG] SystemI::createSoundInternal             : Create name='', mode=0x02000202
[LOG] SystemI::createSoundInternal             : exinfo->cbsize             = 232
[LOG] SystemI::createSoundInternal             : exinfo->length             = 36960
[LOG] SystemI::createSoundInternal             : exinfo->fileoffset         = 4416
[LOG] SystemI::createSoundInternal             : exinfo->numsubsounds       = 1
[LOG] SystemI::createSoundInternal             : exinfo->inclusionlist      = 000000007E9FF5CC
[LOG] SystemI::createSoundInternal             : exinfo->inclusionlistnum   = 1
[LOG] SystemI::createSoundInternal             : exinfo->suggestedsoundtype = 5
[LOG] SystemI::createSoundInternal             : exinfo->useropen           = 00007FF801B61100
[LOG] SystemI::createSoundInternal             : exinfo->userclose          = 00007FF801B610D0
[LOG] SystemI::createSoundInternal             : exinfo->userread           = 00007FF801B611D0
[LOG] SystemI::createSoundInternal             : exinfo->userseek           = 00007FF801B61290
[LOG] SystemI::createSoundInternal             : exinfo->fileuserdata       = 00000000493AEF78
[LOG] SystemI::createSoundInternal             : exinfo->initialseekpostype = 1
[LOG] SystemI::DSPCodecPoolRegister            : register codec pool for pool type 5
[LOG] SystemI::createSoundInternal             : Sample 0/1: name='wood_5', format=2, channels=2, frequency=48000, lengthbytes=6528, lengthpcm=30329, pcmblocksize=0, loopstart=0, loopend=0, mode=0x00000000, channelmask=0x00000000, channelorder=0, peakvolume=0.319336.
[LOG] SystemI::createSoundInternal             : Create name='', mode=0x02000202
[LOG] SystemI::createSoundInternal             : exinfo->cbsize             = 232
[LOG] SystemI::createSoundInternal             : exinfo->length             = 36960
[LOG] SystemI::createSoundInternal             : exinfo->fileoffset         = 4416
[LOG] SystemI::createSoundInternal             : exinfo->numsubsounds       = 1
[LOG] SystemI::createSoundInternal             : exinfo->inclusionlist      = 000000007E9FF5CC
[LOG] SystemI::createSoundInternal             : exinfo->inclusionlistnum   = 1
[LOG] SystemI::createSoundInternal             : exinfo->suggestedsoundtype = 5
[LOG] SystemI::createSoundInternal             : exinfo->useropen           = 00007FF801B61100
[LOG] SystemI::createSoundInternal             : exinfo->userclose          = 00007FF801B610D0
[LOG] SystemI::createSoundInternal             : exinfo->userread           = 00007FF801B611D0
[LOG] SystemI::createSoundInternal             : exinfo->userseek           = 00007FF801B61290
[LOG] SystemI::createSoundInternal             : exinfo->fileuserdata       = 00000000493AEF78
[LOG] SystemI::createSoundInternal             : exinfo->initialseekpostype = 1
[LOG] SystemI::DSPCodecPoolRegister            : register codec pool for pool type 5
[LOG] SystemI::createSoundInternal             : Sample 0/1: name='wood_10', format=2, channels=2, frequency=48000, lengthbytes=2080, lengthpcm=13200, pcmblocksize=0, loopstart=0, loopend=0, mode=0x00000000, channelmask=0x00000000, channelorder=0, peakvolume=0.117711.
[LOG] SystemI::createSoundInternal             : Create name='', mode=0x02000202
[LOG] SystemI::createSoundInternal             : exinfo->cbsize             = 232
[LOG] SystemI::createSoundInternal             : exinfo->length             = 36960
[LOG] SystemI::createSoundInternal             : exinfo->fileoffset         = 4416
[LOG] SystemI::createSoundInternal             : exinfo->numsubsounds       = 1
[LOG] SystemI::createSoundInternal             : exinfo->inclusionlist      = 000000007E9FF5CC
[LOG] SystemI::createSoundInternal             : exinfo->inclusionlistnum   = 1
[LOG] SystemI::createSoundInternal             : exinfo->suggestedsoundtype = 5
[LOG] SystemI::createSoundInternal             : exinfo->useropen           = 00007FF801B61100
[LOG] SystemI::createSoundInternal             : exinfo->userclose          = 00007FF801B610D0
[LOG] SystemI::createSoundInternal             : exinfo->userread           = 00007FF801B611D0
[LOG] SystemI::createSoundInternal             : exinfo->userseek           = 00007FF801B61290
[LOG] SystemI::createSoundInternal             : exinfo->fileuserdata       = 00000000493AEF78
[LOG] SystemI::createSoundInternal             : exinfo->initialseekpostype = 1
[LOG] SystemI::DSPCodecPoolRegister            : register codec pool for pool type 5
[LOG] SystemI::createSoundInternal             : Sample 0/1: name='wood_1', format=2, channels=2, frequency=48000, lengthbytes=3360, lengthpcm=14533, pcmblocksize=0, loopstart=0, loopend=0, mode=0x00000000, channelmask=0x00000000, channelorder=0, peakvolume=0.385956.
[LOG] SystemI::createSoundInternal             : Create name='', mode=0x02000202
[LOG] SystemI::createSoundInternal             : exinfo->cbsize             = 232
[LOG] SystemI::createSoundInternal             : exinfo->length             = 36960
[LOG] SystemI::createSoundInternal             : exinfo->fileoffset         = 4416
[LOG] SystemI::createSoundInternal             : exinfo->numsubsounds       = 1
[LOG] SystemI::createSoundInternal             : exinfo->inclusionlist      = 000000007E9FF5CC
[LOG] SystemI::createSoundInternal             : exinfo->inclusionlistnum   = 1
[LOG] SystemI::createSoundInternal             : exinfo->suggestedsoundtype = 5
[LOG] SystemI::createSoundInternal             : exinfo->useropen           = 00007FF801B61100
[LOG] SystemI::createSoundInternal             : exinfo->userclose          = 00007FF801B610D0
[LOG] SystemI::createSoundInternal             : exinfo->userread           = 00007FF801B611D0
[LOG] SystemI::createSoundInternal             : exinfo->userseek           = 00007FF801B61290
[LOG] SystemI::createSoundInternal             : exinfo->fileuserdata       = 00000000493AEF78
[LOG] SystemI::createSoundInternal             : exinfo->initialseekpostype = 1
[LOG] SystemI::DSPCodecPoolRegister            : register codec pool for pool type 5
[LOG] SystemI::createSoundInternal             : Sample 0/1: name='wood_8', format=2, channels=2, frequency=48000, lengthbytes=1856, lengthpcm=11084, pcmblocksize=0, loopstart=0, loopend=0, mode=0x00000000, channelmask=0x00000000, channelorder=0, peakvolume=0.062248.
[LOG] SystemI::createSoundInternal             : Create name='', mode=0x02000202
[LOG] SystemI::createSoundInternal             : exinfo->cbsize             = 232
[LOG] SystemI::createSoundInternal             : exinfo->length             = 36960
[LOG] SystemI::createSoundInternal             : exinfo->fileoffset         = 4416
[LOG] SystemI::createSoundInternal             : exinfo->numsubsounds       = 1
[LOG] SystemI::createSoundInternal             : exinfo->inclusionlist      = 000000007E9FF5CC
[LOG] SystemI::createSoundInternal             : exinfo->inclusionlistnum   = 1
[LOG] SystemI::createSoundInternal             : exinfo->suggestedsoundtype = 5
[LOG] SystemI::createSoundInternal             : exinfo->useropen           = 00007FF801B61100
[LOG] SystemI::createSoundInternal             : exinfo->userclose          = 00007FF801B610D0
[LOG] SystemI::createSoundInternal             : exinfo->userread           = 00007FF801B611D0
[LOG] SystemI::createSoundInternal             : exinfo->userseek           = 00007FF801B61290
[LOG] SystemI::createSoundInternal             : exinfo->fileuserdata       = 00000000493AEF78
[LOG] SystemI::createSoundInternal             : exinfo->initialseekpostype = 1
[LOG] SystemI::DSPCodecPoolRegister            : register codec pool for pool type 5
[LOG] SystemI::createSoundInternal             : Sample 0/1: name='wood_4', format=2, channels=2, frequency=48000, lengthbytes=3328, lengthpcm=14568, pcmblocksize=0, loopstart=0, loopend=0, mode=0x00000000, channelmask=0x00000000, channelorder=0, peakvolume=0.384369.
[LOG] SystemI::createSoundInternal             : Create name='', mode=0x02000202
[LOG] SystemI::createSoundInternal             : exinfo->cbsize             = 232
[LOG] SystemI::createSoundInternal             : exinfo->length             = 36960
[LOG] SystemI::createSoundInternal             : exinfo->fileoffset         = 4416
[LOG] SystemI::createSoundInternal             : exinfo->numsubsounds       = 1
[LOG] SystemI::createSoundInternal             : exinfo->inclusionlist      = 000000007E9FF5CC
[LOG] SystemI::createSoundInternal             : exinfo->inclusionlistnum   = 1
[LOG] SystemI::createSoundInternal             : exinfo->suggestedsoundtype = 5
[LOG] SystemI::createSoundInternal             : exinfo->useropen           = 00007FF801B61100
[LOG] SystemI::createSoundInternal             : exinfo->userclose          = 00007FF801B610D0
[LOG] SystemI::createSoundInternal             : exinfo->userread           = 00007FF801B611D0
[LOG] SystemI::createSoundInternal             : exinfo->userseek           = 00007FF801B61290
[LOG] SystemI::createSoundInternal             : exinfo->fileuserdata       = 00000000493AEF78
[LOG] SystemI::createSoundInternal             : exinfo->initialseekpostype = 1
[LOG] SystemI::DSPCodecPoolRegister            : register codec pool for pool type 5
[LOG] SystemI::createSoundInternal             : Sample 0/1: name='wood_9', format=2, channels=2, frequency=48000, lengthbytes=2304, lengthpcm=15701, pcmblocksize=0, loopstart=0, loopend=0, mode=0x00000000, channelmask=0x00000000, channelorder=0, peakvolume=0.068376.
[LOG] SystemI::createSoundInternal             : Create name='', mode=0x02000202
[LOG] SystemI::createSoundInternal             : exinfo->cbsize             = 232
[LOG] SystemI::createSoundInternal             : exinfo->length             = 36960
[LOG] SystemI::createSoundInternal             : exinfo->fileoffset         = 4416
[LOG] SystemI::createSoundInternal             : exinfo->numsubsounds       = 1
[LOG] SystemI::createSoundInternal             : exinfo->inclusionlist      = 000000007E9FF5CC
[LOG] SystemI::createSoundInternal             : exinfo->inclusionlistnum   = 1
[LOG] SystemI::createSoundInternal             : exinfo->suggestedsoundtype = 5
[LOG] SystemI::createSoundInternal             : exinfo->useropen           = 00007FF801B61100
[LOG] SystemI::createSoundInternal             : exinfo->userclose          = 00007FF801B610D0
[LOG] SystemI::createSoundInternal             : exinfo->userread           = 00007FF801B611D0
[LOG] SystemI::createSoundInternal             : exinfo->userseek           = 00007FF801B61290
[LOG] SystemI::createSoundInternal             : exinfo->fileuserdata       = 00000000493AEF78
[LOG] SystemI::createSoundInternal             : exinfo->initialseekpostype = 1
[LOG] SystemI::DSPCodecPoolRegister            : register codec pool for pool type 5
[LOG] SystemI::createSoundInternal             : Sample 0/1: name='wood_7', format=2, channels=2, frequency=48000, lengthbytes=4000, lengthpcm=18944, pcmblocksize=0, loopstart=0, loopend=0, mode=0x00000000, channelmask=0x00000000, channelorder=0, peakvolume=0.298492.
[LOG] SystemI::createSoundInternal             : Create name='', mode=0x02000202
[LOG] SystemI::createSoundInternal             : exinfo->cbsize             = 232
[LOG] SystemI::createSoundInternal             : exinfo->length             = 36960
[LOG] SystemI::createSoundInternal             : exinfo->fileoffset         = 4416
[LOG] SystemI::createSoundInternal             : exinfo->numsubsounds       = 1
[LOG] SystemI::createSoundInternal             : exinfo->inclusionlist      = 000000007E9FF5CC
[LOG] SystemI::createSoundInternal             : exinfo->inclusionlistnum   = 1
[LOG] SystemI::createSoundInternal             : exinfo->suggestedsoundtype = 5
[LOG] SystemI::createSoundInternal             : exinfo->useropen           = 00007FF801B61100
[LOG] SystemI::createSoundInternal             : exinfo->userclose          = 00007FF801B610D0
[LOG] SystemI::createSoundInternal             : exinfo->userread           = 00007FF801B611D0
[LOG] SystemI::createSoundInternal             : exinfo->userseek           = 00007FF801B61290
[LOG] SystemI::createSoundInternal             : exinfo->fileuserdata       = 00000000493AEF78
[LOG] SystemI::createSoundInternal             : exinfo->initialseekpostype = 1
[LOG] SystemI::DSPCodecPoolRegister            : register codec pool for pool type 5
[LOG] SystemI::createSoundInternal             : Sample 0/1: name='wood_3', format=2, channels=2, frequency=48000, lengthbytes=4928, lengthpcm=21960, pcmblocksize=0, loopstart=0, loopend=0, mode=0x00000000, channelmask=0x00000000, channelorder=0, peakvolume=0.326538.
[LOG] SystemI::createSoundInternal             : Create name='', mode=0x02000202
[LOG] SystemI::createSoundInternal             : exinfo->cbsize             = 232
[LOG] SystemI::createSoundInternal             : exinfo->length             = 36960
[LOG] SystemI::createSoundInternal             : exinfo->fileoffset         = 4416
[LOG] SystemI::createSoundInternal             : exinfo->numsubsounds       = 1
[LOG] SystemI::createSoundInternal             : exinfo->inclusionlist      = 000000007E9FF5CC
[LOG] SystemI::createSoundInternal             : exinfo->inclusionlistnum   = 1
[LOG] SystemI::createSoundInternal             : exinfo->suggestedsoundtype = 5
[LOG] SystemI::createSoundInternal             : exinfo->useropen           = 00007FF801B61100
[LOG] SystemI::createSoundInternal             : exinfo->userclose          = 00007FF801B610D0
[LOG] SystemI::createSoundInternal             : exinfo->userread           = 00007FF801B611D0
[LOG] SystemI::createSoundInternal             : exinfo->userseek           = 00007FF801B61290
[LOG] SystemI::createSoundInternal             : exinfo->fileuserdata       = 00000000493AEF78
[LOG] SystemI::createSoundInternal             : exinfo->initialseekpostype = 1
[LOG] SystemI::DSPCodecPoolRegister            : register codec pool for pool type 5
[LOG] SystemI::createSoundInternal             : Sample 0/1: name='wood_6', format=2, channels=2, frequency=48000, lengthbytes=2944, lengthpcm=14520, pcmblocksize=0, loopstart=0, loopend=0, mode=0x00000000, channelmask=0x00000000, channelorder=0, peakvolume=0.251648.
[LOG] SystemI::createSoundInternal             : Create name='', mode=0x02000202
[LOG] SystemI::createSoundInternal             : exinfo->cbsize             = 232
[LOG] SystemI::createSoundInternal             : exinfo->length             = 36960
[LOG] SystemI::createSoundInternal             : exinfo->fileoffset         = 4416
[LOG] SystemI::createSoundInternal             : exinfo->numsubsounds       = 1
[LOG] SystemI::createSoundInternal             : exinfo->inclusionlist      = 000000007E9FF5CC
[LOG] SystemI::createSoundInternal             : exinfo->inclusionlistnum   = 1
[LOG] SystemI::createSoundInternal             : exinfo->suggestedsoundtype = 5
[LOG] SystemI::createSoundInternal             : exinfo->useropen           = 00007FF801B61100
[LOG] SystemI::createSoundInternal             : exinfo->userclose          = 00007FF801B610D0
[LOG] SystemI::createSoundInternal             : exinfo->userread           = 00007FF801B611D0
[LOG] SystemI::createSoundInternal             : exinfo->userseek           = 00007FF801B61290
[LOG] SystemI::createSoundInternal             : exinfo->fileuserdata       = 00000000493AEF78
[LOG] SystemI::createSoundInternal             : exinfo->initialseekpostype = 1
[LOG] SystemI::DSPCodecPoolRegister            : register codec pool for pool type 5
[LOG] SystemI::createSoundInternal             : Sample 0/1: name='wood_2', format=2, channels=2, frequency=48000, lengthbytes=2528, lengthpcm=11857, pcmblocksize=0, loopstart=0, loopend=0, mode=0x00000000, channelmask=0x00000000, channelorder=0, peakvolume=0.188873.
[LOG] SoundI::release                          :  (000000004A4B8258)
[LOG] SoundI::release                          :     wood_1 (000000007BEF5E78)
[LOG] SoundI::release                          :  (000000004A4B8DD8)
[LOG] SoundI::release                          :     wood_10 (000000007BEF5CD8)
[LOG] SoundI::release                          :  (000000004A4B9228)
[LOG] SoundI::release                          :     wood_2 (0000000000197288)
[LOG] SoundI::release                          :  (000000004A4B90B8)
[LOG] SoundI::release                          :     wood_3 (00000000001975C8)
[LOG] SoundI::release                          :  (000000004A4B8F48)
[LOG] SoundI::release                          :     wood_4 (000000007BEF54B8)
[LOG] SoundI::release                          :  (000000004A4B9AC8)
[LOG] SoundI::release                          :     wood_5 (000000007BEF5B38)
[LOG] SoundI::release                          :  (000000004A4BBA68)
[LOG] SoundI::release                          :     wood_6 (00000000001970E8)
[LOG] SoundI::release                          :  (000000004A4BAA98)
[LOG] SoundI::release                          :     wood_7 (0000000000197908)
[LOG] SoundI::release                          :  (000000004A4B8988)
[LOG] SoundI::release                          :     wood_8 (000000007BEF61B8)
[LOG] SoundI::release                          :  (000000004A4BA7B8)
[LOG] SoundI::release                          :     wood_9 (000000007BEF5658)
[LOG] Thread::callback                         : FMOD Studio bank load thread finished.
[LOG] Thread::callback                         : FMOD Studio sample load thread finished.
[LOG] LiveUpdate::release                      : 
[LOG] LiveUpdate::reset                        : Reset connection (reason Disconnected)
[LOG] Thread::callback                         : FMOD stream thread finished.
[LOG] Thread::callback                         : FMOD mixer thread finished.
[LOG] SystemI::close                           : Closed.
